<?xml version="1.0" encoding="UTF-8"?>
<!-- Generated by org.testng.reporters.JUnitReportReporter -->
<testsuite hostname="LOL" failures="0" tests="1" name="org.example.launchchrome" time="3.573" errors="0" timestamp="2023-05-12T01:02:32 IST" skipped="0">
  <testcase classname="org.example.launchchrome" name="chrome" time="3.573"/>
  <system-out/>
</testsuite> <!-- org.example.launchchrome -->
